<?xml version="1.0" encoding="UTF-8"?>
<testsuite xmlns:xsi="http://www.w3.org/2001/XMLSchema-instance" xsi:noNamespaceSchemaLocation="https://maven.apache.org/surefire/maven-surefire-plugin/xsd/surefire-test-report-3.0.xsd" version="3.0" name="com.deliverytech.delivery.ApplicationTests" time="5.907" tests="1" errors="0" skipped="0" failures="0">
  <properties>
[...]
</properties>
  <testcase name="contextLoads" classname="com.deliverytech.delivery.ApplicationTests" time="0.267">
    <system-out><![CDATA[18:58:53.996 [main] INFO org.springframework.test.context.support.AnnotationConfigContextLoaderUtils -- Could not detect default configuration classes for test class [com.deliverytech.delivery.ApplicationTests]: ApplicationTests does not declare any static, non-private, non-final, nested classes annotated with @Configuration.
18:58:54.075 [main] INFO org.springframework.boot.test.context.SpringBootTestContextBootstrapper -- Found @SpringBootConfiguration com.deliverytech.delivery.deliveryApiApplication for test class com.deliverytech.delivery.ApplicationTests
18:58:54.187 [main] INFO org.springframework.boot.devtools.restart.RestartApplicationListener -- Restart disabled due to context in which it is running

  .   ____          _            __ _ _
 /\\ / ___'_ __ _ _(_)_ __  __ _ \ \ \ \
( ( )\___ | '_ | '_| | '_ \/ _` | \ \ \ \
 \\/  ___)| |_)| | | | | || (_| |  ) ) ) )
  '  |____| .__|_| |_|_| |_\__, | / / / /
 =========|_|==============|___/=/_/_/_/

 :: Spring Boot ::                (v3.3.5)

2025-11-30T18:58:54.379-03:00  INFO 17900 --- [com.deliverytech] [           main] c.d.delivery.ApplicationTests            : Starting ApplicationTests using Java 21.0.9 with PID 17900 (started by Administrator in C:\Users\Administrator\Documents\Projeto API Spring Boot\projeto\delivery-api-eliasnevesconceicao)
2025-11-30T18:58:54.380-03:00 DEBUG 17900 --- [com.deliverytech] [           main] c.d.delivery.ApplicationTests            : Running with Spring Boot v3.3.5, Spring v6.1.14
2025-11-30T18:58:54.380-03:00  INFO 17900 --- [com.deliverytech] [           main] c.d.delivery.ApplicationTests            : The following 1 profile is active: "test"
2025-11-30T18:58:55.242-03:00  INFO 17900 --- [com.deliverytech] [           main] .s.d.r.c.RepositoryConfigurationDelegate : Bootstrapping Spring Data JPA repositories in DEFAULT mode.
2025-11-30T18:58:55.307-03:00  INFO 17900 --- [com.deliverytech] [           main] .s.d.r.c.RepositoryConfigurationDelegate : Finished Spring Data repository scanning in 59 ms. Found 5 JPA repository interfaces.
2025-11-30T18:58:56.206-03:00  INFO 17900 --- [com.deliverytech] [           main] o.s.o.j.p.SpringPersistenceUnitInfo      : No LoadTimeWeaver setup: ignoring JPA class transformer
2025-11-30T18:58:56.226-03:00  INFO 17900 --- [com.deliverytech] [           main] com.zaxxer.hikari.HikariDataSource       : HikariPool-1 - Starting...
2025-11-30T18:58:56.345-03:00  INFO 17900 --- [com.deliverytech] [           main] com.zaxxer.hikari.pool.HikariPool        : HikariPool-1 - Added connection conn0: url=jdbc:h2:mem:testdb user=SA
2025-11-30T18:58:56.346-03:00  INFO 17900 --- [com.deliverytech] [           main] com.zaxxer.hikari.HikariDataSource       : HikariPool-1 - Start completed.
2025-11-30T18:58:56.363-03:00  WARN 17900 --- [com.deliverytech] [           main] org.hibernate.orm.deprecation            : HHH90000025: H2Dialect does not need to be specified explicitly using 'hibernate.dialect' (remove the property setting and it will be selected by default)
2025-11-30T18:58:57.111-03:00  INFO 17900 --- [com.deliverytech] [           main] j.LocalContainerEntityManagerFactoryBean : Initialized JPA EntityManagerFactory for persistence unit 'default'
2025-11-30T18:58:57.579-03:00  WARN 17900 --- [com.deliverytech] [           main] r$InitializeUserDetailsManagerConfigurer : Global AuthenticationManager configured with an AuthenticationProvider bean. UserDetailsService beans will not be used for username/password login. Consider removing the AuthenticationProvider bean. Alternatively, consider using the UserDetailsService in a manually instantiated DaoAuthenticationProvider.
2025-11-30T18:58:57.730-03:00  INFO 17900 --- [com.deliverytech] [           main] o.s.d.j.r.query.QueryEnhancerFactory     : Hibernate is in classpath; If applicable, HQL parser will be used.
2025-11-30T18:58:58.893-03:00  INFO 17900 --- [com.deliverytech] [           main] o.s.b.a.e.web.EndpointLinksResolver      : Exposing 1 endpoint beneath base path '/actuator'
2025-11-30T18:58:59.380-03:00  INFO 17900 --- [com.deliverytech] [           main] o.s.b.a.h2.H2ConsoleAutoConfiguration    : H2 console available at '/h2-console'. Database available at 'jdbc:h2:mem:testdb'
2025-11-30T18:58:59.446-03:00  INFO 17900 --- [com.deliverytech] [           main] c.d.delivery.ApplicationTests            : Started ApplicationTests in 5.269 seconds (process running for 5.957)
]]></system-out>
    <system-err><![CDATA[WARNING: A Java agent has been loaded dynamically (C:\Users\Administrator\.m2\repository\net\bytebuddy\byte-buddy-agent\1.14.19\byte-buddy-agent-1.14.19.jar)
WARNING: If a serviceability tool is in use, please run with -XX:+EnableDynamicAgentLoading to hide this warning
WARNING: If a serviceability tool is not in use, please run with -Djdk.instrument.traceUsage for more information
WARNING: Dynamic loading of agents will be disallowed by default in a future release
]]></system-err>
  </testcase>
</testsuite>